<?xml version="1.0" encoding="UTF-8"?>
<testng-results skipped="0" failed="0" total="1" passed="1">
  <reporter-output>
  </reporter-output>
  <suite name="Default suite" duration-ms="92112" started-at="2019-06-19T06:52:05Z" finished-at="2019-06-19T06:53:37Z">
    <groups>
    </groups>
    <test name="Default test" duration-ms="92112" started-at="2019-06-19T06:52:05Z" finished-at="2019-06-19T06:53:37Z">
      <class name="com.training.sanity.tests.RETC_041">
        <test-method status="PASS" signature="setUpBeforeClass()[pri:0, instance:com.training.sanity.tests.RETC_041@5a01ccaa]" name="setUpBeforeClass" is-config="true" duration-ms="27" started-at="2019-06-19T12:22:05Z" finished-at="2019-06-19T12:22:05Z">
          <reporter-output>
          </reporter-output>
        </test-method> <!-- setUpBeforeClass -->
        <test-method status="PASS" signature="setUp()[pri:0, instance:com.training.sanity.tests.RETC_041@5a01ccaa]" name="setUp" is-config="true" duration-ms="25956" started-at="2019-06-19T12:22:05Z" finished-at="2019-06-19T12:22:31Z">
          <reporter-output>
          </reporter-output>
        </test-method> <!-- setUp -->
        <test-method status="PASS" signature="SixthTestCaseExec()[pri:0, instance:com.training.sanity.tests.RETC_041@5a01ccaa]" name="SixthTestCaseExec" duration-ms="63670" started-at="2019-06-19T12:22:31Z" finished-at="2019-06-19T12:23:35Z">
          <reporter-output>
          </reporter-output>
        </test-method> <!-- SixthTestCaseExec -->
        <test-method status="PASS" signature="tearDown()[pri:0, instance:com.training.sanity.tests.RETC_041@5a01ccaa]" name="tearDown" is-config="true" duration-ms="2422" started-at="2019-06-19T12:23:35Z" finished-at="2019-06-19T12:23:37Z">
          <reporter-output>
          </reporter-output>
        </test-method> <!-- tearDown -->
      </class> <!-- com.training.sanity.tests.RETC_041 -->
    </test> <!-- Default test -->
  </suite> <!-- Default suite -->
</testng-results>
